<?xml version="1.0" encoding="UTF-8"?>
<testsuite xmlns:xsi="http://www.w3.org/2001/XMLSchema-instance" xsi:noNamespaceSchemaLocation="https://maven.apache.org/surefire/maven-surefire-plugin/xsd/surefire-test-report-3.0.xsd" version="3.0" name="testRunner.TestRunner" time="1.409" tests="1" errors="0" skipped="0" failures="0">
  <properties>
    <property name="java.specification.version" value="22"/>
    <property name="sun.jnu.encoding" value="UTF-8"/>
    <property name="java.class.path" value="/Users/harpreet.rajput/IdeaProjects/RestAssuredFrameWork/target/test-classes:/Users/harpreet.rajput/IdeaProjects/RestAssuredFrameWork/target/classes:/Users/harpreet.rajput/.m2/repository/io/rest-assured/rest-assured/5.5.0/rest-assured-5.5.0.jar:/Users/harpreet.rajput/.m2/repository/org/apache/groovy/groovy-xml/4.0.22/groovy-xml-4.0.22.jar:/Users/harpreet.rajput/.m2/repository/org/apache/httpcomponents/httpclient/4.5.13/httpclient-4.5.13.jar:/Users/harpreet.rajput/.m2/repository/org/apache/httpcomponents/httpcore/4.4.13/httpcore-4.4.13.jar:/Users/harpreet.rajput/.m2/repository/commons-logging/commons-logging/1.2/commons-logging-1.2.jar:/Users/harpreet.rajput/.m2/repository/commons-codec/commons-codec/1.11/commons-codec-1.11.jar:/Users/harpreet.rajput/.m2/repository/org/apache/httpcomponents/httpmime/4.5.13/httpmime-4.5.13.jar:/Users/harpreet.rajput/.m2/repository/org/hamcrest/hamcrest/2.2/hamcrest-2.2.jar:/Users/harpreet.rajput/.m2/repository/org/ccil/cowan/tagsoup/tagsoup/1.2.1/tagsoup-1.2.1.jar:/Users/harpreet.rajput/.m2/repository/io/rest-assured/json-path/5.5.0/json-path-5.5.0.jar:/Users/harpreet.rajput/.m2/repository/org/apache/groovy/groovy-json/4.0.22/groovy-json-4.0.22.jar:/Users/harpreet.rajput/.m2/repository/io/rest-assured/rest-assured-common/5.5.0/rest-assured-common-5.5.0.jar:/Users/harpreet.rajput/.m2/repository/io/rest-assured/xml-path/5.5.0/xml-path-5.5.0.jar:/Users/harpreet.rajput/.m2/repository/com/fasterxml/jackson/core/jackson-databind/2.17.2/jackson-databind-2.17.2.jar:/Users/harpreet.rajput/.m2/repository/com/fasterxml/jackson/core/jackson-annotations/2.17.2/jackson-annotations-2.17.2.jar:/Users/harpreet.rajput/.m2/repository/com/fasterxml/jackson/core/jackson-core/2.17.2/jackson-core-2.17.2.jar:/Users/harpreet.rajput/.m2/repository/junit/junit/4.13.2/junit-4.13.2.jar:/Users/harpreet.rajput/.m2/repository/org/hamcrest/hamcrest-core/1.3/hamcrest-core-1.3.jar:/Users/harpreet.rajput/.m2/repository/org/projectlombok/lombok/1.18.34/lombok-1.18.34.jar:/Users/harpreet.rajput/.m2/repository/io/cucumber/cucumber-java/7.18.1/cucumber-java-7.18.1.jar:/Users/harpreet.rajput/.m2/repository/io/cucumber/cucumber-core/7.18.1/cucumber-core-7.18.1.jar:/Users/harpreet.rajput/.m2/repository/io/cucumber/cucumber-gherkin/7.18.1/cucumber-gherkin-7.18.1.jar:/Users/harpreet.rajput/.m2/repository/io/cucumber/cucumber-gherkin-messages/7.18.1/cucumber-gherkin-messages-7.18.1.jar:/Users/harpreet.rajput/.m2/repository/io/cucumber/gherkin/28.0.0/gherkin-28.0.0.jar:/Users/harpreet.rajput/.m2/repository/io/cucumber/messages/24.1.0/messages-24.1.0.jar:/Users/harpreet.rajput/.m2/repository/io/cucumber/testng-xml-formatter/0.2.0/testng-xml-formatter-0.2.0.jar:/Users/harpreet.rajput/.m2/repository/io/cucumber/query/12.2.0/query-12.2.0.jar:/Users/harpreet.rajput/.m2/repository/io/cucumber/tag-expressions/6.1.0/tag-expressions-6.1.0.jar:/Users/harpreet.rajput/.m2/repository/io/cucumber/cucumber-expressions/17.1.0/cucumber-expressions-17.1.0.jar:/Users/harpreet.rajput/.m2/repository/io/cucumber/datatable/7.18.1/datatable-7.18.1.jar:/Users/harpreet.rajput/.m2/repository/io/cucumber/cucumber-plugin/7.18.1/cucumber-plugin-7.18.1.jar:/Users/harpreet.rajput/.m2/repository/io/cucumber/docstring/7.18.1/docstring-7.18.1.jar:/Users/harpreet.rajput/.m2/repository/io/cucumber/html-formatter/21.4.1/html-formatter-21.4.1.jar:/Users/harpreet.rajput/.m2/repository/io/cucumber/junit-xml-formatter/0.5.0/junit-xml-formatter-0.5.0.jar:/Users/harpreet.rajput/.m2/repository/io/cucumber/ci-environment/10.0.1/ci-environment-10.0.1.jar:/Users/harpreet.rajput/.m2/repository/org/apiguardian/apiguardian-api/1.1.2/apiguardian-api-1.1.2.jar:/Users/harpreet.rajput/.m2/repository/org/apache/groovy/groovy/4.0.22/groovy-4.0.22.jar:/Users/harpreet.rajput/.m2/repository/io/cucumber/cucumber-junit/7.18.1/cucumber-junit-7.18.1.jar:/Users/harpreet.rajput/.m2/repository/net/masterthought/cucumber-reporting/5.8.2/cucumber-reporting-5.8.2.jar:/Users/harpreet.rajput/.m2/repository/com/fasterxml/jackson/datatype/jackson-datatype-jsr310/2.17.0/jackson-datatype-jsr310-2.17.0.jar:/Users/harpreet.rajput/.m2/repository/org/apache/velocity/velocity-engine-core/2.3/velocity-engine-core-2.3.jar:/Users/harpreet.rajput/.m2/repository/joda-time/joda-time/2.12.7/joda-time-2.12.7.jar:/Users/harpreet.rajput/.m2/repository/org/apache/commons/commons-configuration2/2.10.1/commons-configuration2-2.10.1.jar:/Users/harpreet.rajput/.m2/repository/org/apache/commons/commons-lang3/3.14.0/commons-lang3-3.14.0.jar:/Users/harpreet.rajput/.m2/repository/commons-io/commons-io/2.16.1/commons-io-2.16.1.jar:/Users/harpreet.rajput/.m2/repository/org/apache/commons/commons-text/1.11.0/commons-text-1.11.0.jar:/Users/harpreet.rajput/.m2/repository/org/jsoup/jsoup/1.17.2/jsoup-1.17.2.jar:/Users/harpreet.rajput/.m2/repository/com/googlecode/owasp-java-html-sanitizer/owasp-java-html-sanitizer/20240325.1/owasp-java-html-sanitizer-20240325.1.jar:/Users/harpreet.rajput/.m2/repository/com/googlecode/owasp-java-html-sanitizer/java8-shim/20240325.1/java8-shim-20240325.1.jar:/Users/harpreet.rajput/.m2/repository/com/googlecode/owasp-java-html-sanitizer/java10-shim/20240325.1/java10-shim-20240325.1.jar:/Users/harpreet.rajput/.m2/repository/org/slf4j/slf4j-api/2.0.13/slf4j-api-2.0.13.jar:/Users/harpreet.rajput/.m2/repository/org/slf4j/jcl-over-slf4j/2.0.13/jcl-over-slf4j-2.0.13.jar:"/>
    <property name="java.vm.vendor" value="Oracle Corporation"/>
    <property name="sun.arch.data.model" value="64"/>
    <property name="java.vendor.url" value="https://java.oracle.com/"/>
    <property name="os.name" value="Mac OS X"/>
    <property name="java.vm.specification.version" value="22"/>
    <property name="sun.java.launcher" value="SUN_STANDARD"/>
    <property name="user.country" value="US"/>
    <property name="sun.boot.library.path" value="/Library/Java/JavaVirtualMachines/jdk-22.0.2.jdk/Contents/Home/lib"/>
    <property name="sun.java.command" value="/Users/harpreet.rajput/IdeaProjects/RestAssuredFrameWork/target/surefire/surefirebooter-20240819120920911_3.jar /Users/harpreet.rajput/IdeaProjects/RestAssuredFrameWork/target/surefire 2024-08-19T12-09-20_865-jvmRun1 surefire-20240819120920911_1tmp surefire_0-20240819120920911_2tmp"/>
    <property name="http.nonProxyHosts" value="local|*.local|169.254/16|*.169.254/16"/>
    <property name="jdk.debug" value="release"/>
    <property name="surefire.test.class.path" value="/Users/harpreet.rajput/IdeaProjects/RestAssuredFrameWork/target/test-classes:/Users/harpreet.rajput/IdeaProjects/RestAssuredFrameWork/target/classes:/Users/harpreet.rajput/.m2/repository/io/rest-assured/rest-assured/5.5.0/rest-assured-5.5.0.jar:/Users/harpreet.rajput/.m2/repository/org/apache/groovy/groovy-xml/4.0.22/groovy-xml-4.0.22.jar:/Users/harpreet.rajput/.m2/repository/org/apache/httpcomponents/httpclient/4.5.13/httpclient-4.5.13.jar:/Users/harpreet.rajput/.m2/repository/org/apache/httpcomponents/httpcore/4.4.13/httpcore-4.4.13.jar:/Users/harpreet.rajput/.m2/repository/commons-logging/commons-logging/1.2/commons-logging-1.2.jar:/Users/harpreet.rajput/.m2/repository/commons-codec/commons-codec/1.11/commons-codec-1.11.jar:/Users/harpreet.rajput/.m2/repository/org/apache/httpcomponents/httpmime/4.5.13/httpmime-4.5.13.jar:/Users/harpreet.rajput/.m2/repository/org/hamcrest/hamcrest/2.2/hamcrest-2.2.jar:/Users/harpreet.rajput/.m2/repository/org/ccil/cowan/tagsoup/tagsoup/1.2.1/tagsoup-1.2.1.jar:/Users/harpreet.rajput/.m2/repository/io/rest-assured/json-path/5.5.0/json-path-5.5.0.jar:/Users/harpreet.rajput/.m2/repository/org/apache/groovy/groovy-json/4.0.22/groovy-json-4.0.22.jar:/Users/harpreet.rajput/.m2/repository/io/rest-assured/rest-assured-common/5.5.0/rest-assured-common-5.5.0.jar:/Users/harpreet.rajput/.m2/repository/io/rest-assured/xml-path/5.5.0/xml-path-5.5.0.jar:/Users/harpreet.rajput/.m2/repository/com/fasterxml/jackson/core/jackson-databind/2.17.2/jackson-databind-2.17.2.jar:/Users/harpreet.rajput/.m2/repository/com/fasterxml/jackson/core/jackson-annotations/2.17.2/jackson-annotations-2.17.2.jar:/Users/harpreet.rajput/.m2/repository/com/fasterxml/jackson/core/jackson-core/2.17.2/jackson-core-2.17.2.jar:/Users/harpreet.rajput/.m2/repository/junit/junit/4.13.2/junit-4.13.2.jar:/Users/harpreet.rajput/.m2/repository/org/hamcrest/hamcrest-core/1.3/hamcrest-core-1.3.jar:/Users/harpreet.rajput/.m2/repository/org/projectlombok/lombok/1.18.34/lombok-1.18.34.jar:/Users/harpreet.rajput/.m2/repository/io/cucumber/cucumber-java/7.18.1/cucumber-java-7.18.1.jar:/Users/harpreet.rajput/.m2/repository/io/cucumber/cucumber-core/7.18.1/cucumber-core-7.18.1.jar:/Users/harpreet.rajput/.m2/repository/io/cucumber/cucumber-gherkin/7.18.1/cucumber-gherkin-7.18.1.jar:/Users/harpreet.rajput/.m2/repository/io/cucumber/cucumber-gherkin-messages/7.18.1/cucumber-gherkin-messages-7.18.1.jar:/Users/harpreet.rajput/.m2/repository/io/cucumber/gherkin/28.0.0/gherkin-28.0.0.jar:/Users/harpreet.rajput/.m2/repository/io/cucumber/messages/24.1.0/messages-24.1.0.jar:/Users/harpreet.rajput/.m2/repository/io/cucumber/testng-xml-formatter/0.2.0/testng-xml-formatter-0.2.0.jar:/Users/harpreet.rajput/.m2/repository/io/cucumber/query/12.2.0/query-12.2.0.jar:/Users/harpreet.rajput/.m2/repository/io/cucumber/tag-expressions/6.1.0/tag-expressions-6.1.0.jar:/Users/harpreet.rajput/.m2/repository/io/cucumber/cucumber-expressions/17.1.0/cucumber-expressions-17.1.0.jar:/Users/harpreet.rajput/.m2/repository/io/cucumber/datatable/7.18.1/datatable-7.18.1.jar:/Users/harpreet.rajput/.m2/repository/io/cucumber/cucumber-plugin/7.18.1/cucumber-plugin-7.18.1.jar:/Users/harpreet.rajput/.m2/repository/io/cucumber/docstring/7.18.1/docstring-7.18.1.jar:/Users/harpreet.rajput/.m2/repository/io/cucumber/html-formatter/21.4.1/html-formatter-21.4.1.jar:/Users/harpreet.rajput/.m2/repository/io/cucumber/junit-xml-formatter/0.5.0/junit-xml-formatter-0.5.0.jar:/Users/harpreet.rajput/.m2/repository/io/cucumber/ci-environment/10.0.1/ci-environment-10.0.1.jar:/Users/harpreet.rajput/.m2/repository/org/apiguardian/apiguardian-api/1.1.2/apiguardian-api-1.1.2.jar:/Users/harpreet.rajput/.m2/repository/org/apache/groovy/groovy/4.0.22/groovy-4.0.22.jar:/Users/harpreet.rajput/.m2/repository/io/cucumber/cucumber-junit/7.18.1/cucumber-junit-7.18.1.jar:/Users/harpreet.rajput/.m2/repository/net/masterthought/cucumber-reporting/5.8.2/cucumber-reporting-5.8.2.jar:/Users/harpreet.rajput/.m2/repository/com/fasterxml/jackson/datatype/jackson-datatype-jsr310/2.17.0/jackson-datatype-jsr310-2.17.0.jar:/Users/harpreet.rajput/.m2/repository/org/apache/velocity/velocity-engine-core/2.3/velocity-engine-core-2.3.jar:/Users/harpreet.rajput/.m2/repository/joda-time/joda-time/2.12.7/joda-time-2.12.7.jar:/Users/harpreet.rajput/.m2/repository/org/apache/commons/commons-configuration2/2.10.1/commons-configuration2-2.10.1.jar:/Users/harpreet.rajput/.m2/repository/org/apache/commons/commons-lang3/3.14.0/commons-lang3-3.14.0.jar:/Users/harpreet.rajput/.m2/repository/commons-io/commons-io/2.16.1/commons-io-2.16.1.jar:/Users/harpreet.rajput/.m2/repository/org/apache/commons/commons-text/1.11.0/commons-text-1.11.0.jar:/Users/harpreet.rajput/.m2/repository/org/jsoup/jsoup/1.17.2/jsoup-1.17.2.jar:/Users/harpreet.rajput/.m2/repository/com/googlecode/owasp-java-html-sanitizer/owasp-java-html-sanitizer/20240325.1/owasp-java-html-sanitizer-20240325.1.jar:/Users/harpreet.rajput/.m2/repository/com/googlecode/owasp-java-html-sanitizer/java8-shim/20240325.1/java8-shim-20240325.1.jar:/Users/harpreet.rajput/.m2/repository/com/googlecode/owasp-java-html-sanitizer/java10-shim/20240325.1/java10-shim-20240325.1.jar:/Users/harpreet.rajput/.m2/repository/org/slf4j/slf4j-api/2.0.13/slf4j-api-2.0.13.jar:/Users/harpreet.rajput/.m2/repository/org/slf4j/jcl-over-slf4j/2.0.13/jcl-over-slf4j-2.0.13.jar:"/>
    <property name="sun.cpu.endian" value="little"/>
    <property name="user.home" value="/Users/harpreet.rajput"/>
    <property name="user.language" value="en"/>
    <property name="java.specification.vendor" value="Oracle Corporation"/>
    <property name="java.version.date" value="2024-07-16"/>
    <property name="java.home" value="/Library/Java/JavaVirtualMachines/jdk-22.0.2.jdk/Contents/Home"/>
    <property name="file.separator" value="/"/>
    <property name="basedir" value="/Users/harpreet.rajput/IdeaProjects/RestAssuredFrameWork"/>
    <property name="java.vm.compressedOopsMode" value="Zero based"/>
    <property name="line.separator" value="&#10;"/>
    <property name="java.vm.specification.vendor" value="Oracle Corporation"/>
    <property name="java.specification.name" value="Java Platform API Specification"/>
    <property name="apple.awt.application.name" value="ForkedBooter"/>
    <property name="surefire.real.class.path" value="/Users/harpreet.rajput/IdeaProjects/RestAssuredFrameWork/target/surefire/surefirebooter-20240819120920911_3.jar"/>
    <property name="sun.management.compiler" value="HotSpot 64-Bit Tiered Compilers"/>
    <property name="ftp.nonProxyHosts" value="local|*.local|169.254/16|*.169.254/16"/>
    <property name="java.runtime.version" value="22.0.2+9-70"/>
    <property name="user.name" value="harpreet.rajput"/>
    <property name="stdout.encoding" value="UTF-8"/>
    <property name="path.separator" value=":"/>
    <property name="os.version" value="14.5"/>
    <property name="java.runtime.name" value="OpenJDK Runtime Environment"/>
    <property name="file.encoding" value="UTF-8"/>
    <property name="java.vm.name" value="OpenJDK 64-Bit Server VM"/>
    <property name="localRepository" value="/Users/harpreet.rajput/.m2/repository"/>
    <property name="java.vendor.url.bug" value="https://bugreport.java.com/bugreport/"/>
    <property name="java.io.tmpdir" value="/var/folders/xs/73mjx2rd7wb7x4817dqcrxkw0000gn/T/"/>
    <property name="java.version" value="22.0.2"/>
    <property name="user.dir" value="/Users/harpreet.rajput/IdeaProjects/RestAssuredFrameWork"/>
    <property name="os.arch" value="aarch64"/>
    <property name="java.vm.specification.name" value="Java Virtual Machine Specification"/>
    <property name="native.encoding" value="UTF-8"/>
    <property name="java.library.path" value="/Users/harpreet.rajput/Library/Java/Extensions:/Library/Java/Extensions:/Network/Library/Java/Extensions:/System/Library/Java/Extensions:/usr/lib/java:."/>
    <property name="java.vm.info" value="mixed mode, sharing"/>
    <property name="stderr.encoding" value="UTF-8"/>
    <property name="java.vendor" value="Oracle Corporation"/>
    <property name="java.vm.version" value="22.0.2+9-70"/>
    <property name="sun.io.unicode.encoding" value="UnicodeBig"/>
    <property name="socksNonProxyHosts" value="local|*.local|169.254/16|*.169.254/16"/>
    <property name="java.class.version" value="66.0"/>
  </properties>
  <testcase name="Add a new place" classname="Functionality to add a new place" time="1.176">
    <system-err><![CDATA[SLF4J(W): No SLF4J providers were found.
SLF4J(W): Defaulting to no-operation (NOP) logger implementation
SLF4J(W): See https://www.slf4j.org/codes.html#noProviders for further details.
]]></system-err>
  </testcase>
</testsuite>